<?xml version="1.0" encoding="UTF-8"?>
<testsuite name="webservice.springboot2.test.web.PostsApiControllerTest" tests="3" skipped="0" failures="0" errors="0" timestamp="2020-02-19T11:03:27" hostname="DESKTOP-U7PIVL5" time="3.626">
  <properties/>
  <testcase name="Posts_edit" classname="webservice.springboot2.test.web.PostsApiControllerTest" time="3.467"/>
  <testcase name="Posts_save" classname="webservice.springboot2.test.web.PostsApiControllerTest" time="0.066"/>
  <testcase name="BaseTimeEntity_등록" classname="webservice.springboot2.test.web.PostsApiControllerTest" time="0.087"/>
  <system-out><![CDATA[20:02:58.282 [Test worker] DEBUG org.springframework.test.context.junit4.SpringJUnit4ClassRunner - SpringJUnit4ClassRunner constructor called with [class webservice.springboot2.test.web.PostsApiControllerTest]
20:02:58.297 [Test worker] DEBUG org.springframework.test.context.BootstrapUtils - Instantiating CacheAwareContextLoaderDelegate from class [org.springframework.test.context.cache.DefaultCacheAwareContextLoaderDelegate]
20:02:58.318 [Test worker] DEBUG org.springframework.test.context.BootstrapUtils - Instantiating BootstrapContext using constructor [public org.springframework.test.context.support.DefaultBootstrapContext(java.lang.Class,org.springframework.test.context.CacheAwareContextLoaderDelegate)]
20:02:58.363 [Test worker] DEBUG org.springframework.test.context.BootstrapUtils - Instantiating TestContextBootstrapper for test class [webservice.springboot2.test.web.PostsApiControllerTest] from class [org.springframework.boot.test.context.SpringBootTestContextBootstrapper]
20:02:58.384 [Test worker] INFO org.springframework.boot.test.context.SpringBootTestContextBootstrapper - Neither @ContextConfiguration nor @ContextHierarchy found for test class [webservice.springboot2.test.web.PostsApiControllerTest], using SpringBootContextLoader
20:02:58.393 [Test worker] DEBUG org.springframework.test.context.support.AbstractContextLoader - Did not detect default resource location for test class [webservice.springboot2.test.web.PostsApiControllerTest]: class path resource [webservice/springboot2/test/web/PostsApiControllerTest-context.xml] does not exist
20:02:58.394 [Test worker] DEBUG org.springframework.test.context.support.AbstractContextLoader - Did not detect default resource location for test class [webservice.springboot2.test.web.PostsApiControllerTest]: class path resource [webservice/springboot2/test/web/PostsApiControllerTestContext.groovy] does not exist
20:02:58.395 [Test worker] INFO org.springframework.test.context.support.AbstractContextLoader - Could not detect default resource locations for test class [webservice.springboot2.test.web.PostsApiControllerTest]: no resource found for suffixes {-context.xml, Context.groovy}.
20:02:58.397 [Test worker] INFO org.springframework.test.context.support.AnnotationConfigContextLoaderUtils - Could not detect default configuration classes for test class [webservice.springboot2.test.web.PostsApiControllerTest]: PostsApiControllerTest does not declare any static, non-private, non-final, nested classes annotated with @Configuration.
20:02:58.507 [Test worker] DEBUG org.springframework.test.context.support.ActiveProfilesUtils - Could not find an 'annotation declaring class' for annotation type [org.springframework.test.context.ActiveProfiles] and class [webservice.springboot2.test.web.PostsApiControllerTest]
20:02:58.792 [Test worker] DEBUG org.springframework.context.annotation.ClassPathScanningCandidateComponentProvider - Identified candidate component class: file [C:\Users\ComPuter\IdeaProjects\springboot2-webservice\build\classes\java\main\webservice\springboot2\test\Application.class]
20:02:58.797 [Test worker] INFO org.springframework.boot.test.context.SpringBootTestContextBootstrapper - Found @SpringBootConfiguration webservice.springboot2.test.Application for test class webservice.springboot2.test.web.PostsApiControllerTest
20:02:59.201 [Test worker] DEBUG org.springframework.boot.test.context.SpringBootTestContextBootstrapper - @TestExecutionListeners is not present for class [webservice.springboot2.test.web.PostsApiControllerTest]: using defaults.
20:02:59.204 [Test worker] INFO org.springframework.boot.test.context.SpringBootTestContextBootstrapper - Loaded default TestExecutionListener class names from location [META-INF/spring.factories]: [org.springframework.security.test.context.support.WithSecurityContextTestExecutionListener, org.springframework.security.test.context.support.ReactorContextTestExecutionListener, org.springframework.boot.test.autoconfigure.restdocs.RestDocsTestExecutionListener, org.springframework.boot.test.autoconfigure.web.client.MockRestServiceServerResetTestExecutionListener, org.springframework.boot.test.autoconfigure.web.servlet.MockMvcPrintOnlyOnFailureTestExecutionListener, org.springframework.boot.test.autoconfigure.web.servlet.WebDriverTestExecutionListener, org.springframework.boot.test.mock.mockito.MockitoTestExecutionListener, org.springframework.boot.test.mock.mockito.ResetMocksTestExecutionListener, org.springframework.test.context.web.ServletTestExecutionListener, org.springframework.test.context.support.DirtiesContextBeforeModesTestExecutionListener, org.springframework.test.context.support.DependencyInjectionTestExecutionListener, org.springframework.test.context.support.DirtiesContextTestExecutionListener, org.springframework.test.context.transaction.TransactionalTestExecutionListener, org.springframework.test.context.jdbc.SqlScriptsTestExecutionListener]
20:02:59.286 [Test worker] INFO org.springframework.boot.test.context.SpringBootTestContextBootstrapper - Using TestExecutionListeners: [org.springframework.test.context.web.ServletTestExecutionListener@63732f3e, org.springframework.test.context.support.DirtiesContextBeforeModesTestExecutionListener@4a592cb, org.springframework.boot.test.mock.mockito.MockitoTestExecutionListener@1c512d31, org.springframework.boot.test.autoconfigure.SpringBootDependencyInjectionTestExecutionListener@48a3a94d, org.springframework.test.context.support.DirtiesContextTestExecutionListener@325365b8, org.springframework.test.context.transaction.TransactionalTestExecutionListener@1a489af3, org.springframework.test.context.jdbc.SqlScriptsTestExecutionListener@fe5042e, org.springframework.security.test.context.support.WithSecurityContextTestExecutionListener@5ad93d5e, org.springframework.security.test.context.support.ReactorContextTestExecutionListener@730eed18, org.springframework.boot.test.autoconfigure.restdocs.RestDocsTestExecutionListener@2dcf6e88, org.springframework.boot.test.autoconfigure.web.client.MockRestServiceServerResetTestExecutionListener@aaccb6b, org.springframework.boot.test.autoconfigure.web.servlet.MockMvcPrintOnlyOnFailureTestExecutionListener@190c34ad, org.springframework.boot.test.autoconfigure.web.servlet.WebDriverTestExecutionListener@1dee6cb9, org.springframework.boot.test.mock.mockito.ResetMocksTestExecutionListener@4b83faa2]
20:02:59.295 [Test worker] DEBUG org.springframework.test.annotation.ProfileValueUtils - Retrieved @ProfileValueSourceConfiguration [null] for test class [webservice.springboot2.test.web.PostsApiControllerTest]
20:02:59.296 [Test worker] DEBUG org.springframework.test.annotation.ProfileValueUtils - Retrieved ProfileValueSource type [class org.springframework.test.annotation.SystemProfileValueSource] for class [webservice.springboot2.test.web.PostsApiControllerTest]
20:02:59.301 [Test worker] DEBUG org.springframework.test.annotation.ProfileValueUtils - Retrieved @ProfileValueSourceConfiguration [null] for test class [webservice.springboot2.test.web.PostsApiControllerTest]
20:02:59.301 [Test worker] DEBUG org.springframework.test.annotation.ProfileValueUtils - Retrieved ProfileValueSource type [class org.springframework.test.annotation.SystemProfileValueSource] for class [webservice.springboot2.test.web.PostsApiControllerTest]
20:02:59.303 [Test worker] DEBUG org.springframework.test.annotation.ProfileValueUtils - Retrieved @ProfileValueSourceConfiguration [null] for test class [webservice.springboot2.test.web.PostsApiControllerTest]
20:02:59.303 [Test worker] DEBUG org.springframework.test.annotation.ProfileValueUtils - Retrieved ProfileValueSource type [class org.springframework.test.annotation.SystemProfileValueSource] for class [webservice.springboot2.test.web.PostsApiControllerTest]
20:02:59.316 [Test worker] DEBUG org.springframework.test.context.support.AbstractDirtiesContextTestExecutionListener - Before test class: context [DefaultTestContext@5b88cabe testClass = PostsApiControllerTest, testInstance = [null], testMethod = [null], testException = [null], mergedContextConfiguration = [WebMergedContextConfiguration@2478d378 testClass = PostsApiControllerTest, locations = '{}', classes = '{class webservice.springboot2.test.Application}', contextInitializerClasses = '[]', activeProfiles = '{}', propertySourceLocations = '{}', propertySourceProperties = '{org.springframework.boot.test.context.SpringBootTestContextBootstrapper=true, server.port=0}', contextCustomizers = set[org.springframework.boot.test.autoconfigure.properties.PropertyMappingContextCustomizer@0, org.springframework.boot.test.autoconfigure.web.servlet.WebDriverContextCustomizerFactory$Customizer@4ec4ec9e, org.springframework.boot.test.context.filter.ExcludeFilterContextCustomizer@3a6ff35, org.springframework.boot.test.json.DuplicateJsonObjectContextCustomizerFactory$DuplicateJsonObjectContextCustomizer@380de7ce, org.springframework.boot.test.mock.mockito.MockitoContextCustomizer@0, org.springframework.boot.test.web.client.TestRestTemplateContextCustomizer@54d2022e], resourceBasePath = 'src/main/webapp', contextLoader = 'org.springframework.boot.test.context.SpringBootContextLoader', parent = [null]], attributes = map['org.springframework.test.context.web.ServletTestExecutionListener.activateListener' -> false]], class annotated with @DirtiesContext [false] with mode [null].
20:02:59.317 [Test worker] DEBUG org.springframework.test.annotation.ProfileValueUtils - Retrieved @ProfileValueSourceConfiguration [null] for test class [webservice.springboot2.test.web.PostsApiControllerTest]
20:02:59.318 [Test worker] DEBUG org.springframework.test.annotation.ProfileValueUtils - Retrieved ProfileValueSource type [class org.springframework.test.annotation.SystemProfileValueSource] for class [webservice.springboot2.test.web.PostsApiControllerTest]
20:02:59.329 [Test worker] DEBUG org.springframework.test.context.support.DependencyInjectionTestExecutionListener - Performing dependency injection for test context [[DefaultTestContext@5b88cabe testClass = PostsApiControllerTest, testInstance = webservice.springboot2.test.web.PostsApiControllerTest@6ba39d02, testMethod = [null], testException = [null], mergedContextConfiguration = [WebMergedContextConfiguration@2478d378 testClass = PostsApiControllerTest, locations = '{}', classes = '{class webservice.springboot2.test.Application}', contextInitializerClasses = '[]', activeProfiles = '{}', propertySourceLocations = '{}', propertySourceProperties = '{org.springframework.boot.test.context.SpringBootTestContextBootstrapper=true, server.port=0}', contextCustomizers = set[org.springframework.boot.test.autoconfigure.properties.PropertyMappingContextCustomizer@0, org.springframework.boot.test.autoconfigure.web.servlet.WebDriverContextCustomizerFactory$Customizer@4ec4ec9e, org.springframework.boot.test.context.filter.ExcludeFilterContextCustomizer@3a6ff35, org.springframework.boot.test.json.DuplicateJsonObjectContextCustomizerFactory$DuplicateJsonObjectContextCustomizer@380de7ce, org.springframework.boot.test.mock.mockito.MockitoContextCustomizer@0, org.springframework.boot.test.web.client.TestRestTemplateContextCustomizer@54d2022e], resourceBasePath = 'src/main/webapp', contextLoader = 'org.springframework.boot.test.context.SpringBootContextLoader', parent = [null]], attributes = map['org.springframework.test.context.web.ServletTestExecutionListener.activateListener' -> false]]].
20:02:59.384 [Test worker] DEBUG org.springframework.test.context.support.TestPropertySourceUtils - Adding inlined properties to environment: {spring.jmx.enabled=false, org.springframework.boot.test.context.SpringBootTestContextBootstrapper=true, server.port=0}

  .   ____          _            __ _ _
 /\\ / ___'_ __ _ _(_)_ __  __ _ \ \ \ \
( ( )\___ | '_ | '_| | '_ \/ _` | \ \ \ \
 \\/  ___)| |_)| | | | | || (_| |  ) ) ) )
  '  |____| .__|_| |_|_| |_\__, | / / / /
 =========|_|==============|___/=/_/_/_/
 :: Spring Boot ::        (v2.1.7.RELEASE)

2020-02-19 20:03:00.440  INFO 9684 --- [    Test worker] w.s.test.web.PostsApiControllerTest      : Starting PostsApiControllerTest on DESKTOP-U7PIVL5 with PID 9684 (started by ComPuter in C:\Users\ComPuter\IdeaProjects\springboot2-webservice)
2020-02-19 20:03:00.444  INFO 9684 --- [    Test worker] w.s.test.web.PostsApiControllerTest      : No active profile set, falling back to default profiles: default
2020-02-19 20:03:04.644  INFO 9684 --- [    Test worker] .s.d.r.c.RepositoryConfigurationDelegate : Bootstrapping Spring Data repositories in DEFAULT mode.
2020-02-19 20:03:04.916  INFO 9684 --- [    Test worker] .s.d.r.c.RepositoryConfigurationDelegate : Finished Spring Data repository scanning in 253ms. Found 4 repository interfaces.
2020-02-19 20:03:06.751  INFO 9684 --- [    Test worker] trationDelegate$BeanPostProcessorChecker : Bean 'org.springframework.transaction.annotation.ProxyTransactionManagementConfiguration' of type [org.springframework.transaction.annotation.ProxyTransactionManagementConfiguration$$EnhancerBySpringCGLIB$$2756b496] is not eligible for getting processed by all BeanPostProcessors (for example: not eligible for auto-proxying)
2020-02-19 20:03:08.245  INFO 9684 --- [    Test worker] o.s.b.w.embedded.tomcat.TomcatWebServer  : Tomcat initialized with port(s): 0 (http)
2020-02-19 20:03:08.318  INFO 9684 --- [    Test worker] o.apache.catalina.core.StandardService   : Starting service [Tomcat]
2020-02-19 20:03:08.319  INFO 9684 --- [    Test worker] org.apache.catalina.core.StandardEngine  : Starting Servlet engine: [Apache Tomcat/9.0.22]
2020-02-19 20:03:08.785  INFO 9684 --- [    Test worker] o.a.c.c.C.[Tomcat].[localhost].[/]       : Initializing Spring embedded WebApplicationContext
2020-02-19 20:03:08.786  INFO 9684 --- [    Test worker] o.s.web.context.ContextLoader            : Root WebApplicationContext: initialization completed in 8250 ms
2020-02-19 20:03:09.685  INFO 9684 --- [    Test worker] com.zaxxer.hikari.HikariDataSource       : HikariPool-1 - Starting...
2020-02-19 20:03:10.272  INFO 9684 --- [    Test worker] com.zaxxer.hikari.HikariDataSource       : HikariPool-1 - Start completed.
2020-02-19 20:03:10.668  INFO 9684 --- [    Test worker] o.hibernate.jpa.internal.util.LogHelper  : HHH000204: Processing PersistenceUnitInfo [
	name: default
	...]
2020-02-19 20:03:10.898  INFO 9684 --- [    Test worker] org.hibernate.Version                    : HHH000412: Hibernate Core {5.3.10.Final}
2020-02-19 20:03:10.907  INFO 9684 --- [    Test worker] org.hibernate.cfg.Environment            : HHH000206: hibernate.properties not found
2020-02-19 20:03:11.649  INFO 9684 --- [    Test worker] o.hibernate.annotations.common.Version   : HCANN000001: Hibernate Commons Annotations {5.0.4.Final}
2020-02-19 20:03:12.720  INFO 9684 --- [    Test worker] org.hibernate.dialect.Dialect            : HHH000400: Using dialect: org.hibernate.dialect.MySQL5InnoDBDialect
Hibernate: drop table if exists posts
Hibernate: drop table if exists records
Hibernate: drop table if exists underpins
Hibernate: drop table if exists user
Hibernate: create table posts (id bigint not null auto_increment, created_date datetime, modified_date datetime, author varchar(255), content TEXT not null, title varchar(500) not null, primary key (id)) engine=InnoDB
Hibernate: create table records (id bigint not null auto_increment, content TEXT not null, hour integer, minute integer, record_date datetime not null, primary key (id)) engine=InnoDB
Hibernate: create table underpins (id bigint not null auto_increment, content TEXT not null, is_append integer default 1, writer TEXT not null, primary key (id)) engine=InnoDB
Hibernate: create table user (id bigint not null auto_increment, created_date datetime, modified_date datetime, email varchar(255) not null, name varchar(255) not null, picture varchar(255), role varchar(255) not null, primary key (id)) engine=InnoDB
2020-02-19 20:03:15.677  INFO 9684 --- [    Test worker] o.h.t.schema.internal.SchemaCreatorImpl  : HHH000476: Executing import script 'org.hibernate.tool.schema.internal.exec.ScriptSourceInputNonExistentImpl@7ae4a156'
2020-02-19 20:03:15.701  INFO 9684 --- [    Test worker] j.LocalContainerEntityManagerFactoryBean : Initialized JPA EntityManagerFactory for persistence unit 'default'
2020-02-19 20:03:20.076  INFO 9684 --- [    Test worker] o.h.h.i.QueryTranslatorFactoryInitiator  : HHH000397: Using ASTQueryTranslatorFactory
2020-02-19 20:03:22.343  INFO 9684 --- [    Test worker] o.s.s.web.DefaultSecurityFilterChain     : Creating filter chain: any request, [org.springframework.security.web.context.request.async.WebAsyncManagerIntegrationFilter@7a8b5ebb, org.springframework.security.web.context.SecurityContextPersistenceFilter@144f376c, org.springframework.security.web.header.HeaderWriterFilter@44e17e06, org.springframework.security.web.authentication.logout.LogoutFilter@62195ce8, org.springframework.security.oauth2.client.web.OAuth2AuthorizationRequestRedirectFilter@455b4dfa, org.springframework.security.oauth2.client.web.OAuth2LoginAuthenticationFilter@3f29e004, org.springframework.security.web.authentication.ui.DefaultLoginPageGeneratingFilter@1200d1c8, org.springframework.security.web.authentication.ui.DefaultLogoutPageGeneratingFilter@4b0bdcdd, org.springframework.security.web.savedrequest.RequestCacheAwareFilter@1c2fecdd, org.springframework.security.web.servletapi.SecurityContextHolderAwareRequestFilter@6e23d1a1, org.springframework.security.web.authentication.AnonymousAuthenticationFilter@7c4988f4, org.springframework.security.web.session.SessionManagementFilter@1998ff27, org.springframework.security.web.access.ExceptionTranslationFilter@3d2ef5f0, org.springframework.security.web.access.intercept.FilterSecurityInterceptor@30fa2218]
2020-02-19 20:03:23.802  INFO 9684 --- [    Test worker] o.s.s.concurrent.ThreadPoolTaskExecutor  : Initializing ExecutorService 'applicationTaskExecutor'
2020-02-19 20:03:24.001  WARN 9684 --- [    Test worker] aWebConfiguration$JpaWebMvcConfiguration : spring.jpa.open-in-view is enabled by default. Therefore, database queries may be performed during view rendering. Explicitly configure spring.jpa.open-in-view to disable this warning
2020-02-19 20:03:24.241  INFO 9684 --- [    Test worker] o.s.b.a.w.s.WelcomePageHandlerMapping    : Adding welcome page template: index
2020-02-19 20:03:26.890  INFO 9684 --- [    Test worker] s.a.ScheduledAnnotationBeanPostProcessor : No TaskScheduler/ScheduledExecutorService bean found for scheduled processing
2020-02-19 20:03:27.112  INFO 9684 --- [    Test worker] o.s.b.w.embedded.tomcat.TomcatWebServer  : Tomcat started on port(s): 50924 (http) with context path ''
2020-02-19 20:03:27.129  INFO 9684 --- [    Test worker] w.s.test.web.PostsApiControllerTest      : Started PostsApiControllerTest in 27.739 seconds (JVM running for 31.945)
2020-02-19 20:03:27.858  INFO 9684 --- [    Test worker] o.a.c.c.C.[Tomcat].[localhost].[/]       : Initializing Spring TestDispatcherServlet ''
2020-02-19 20:03:27.859  INFO 9684 --- [    Test worker] o.s.t.web.servlet.TestDispatcherServlet  : Initializing Servlet ''
2020-02-19 20:03:27.948  INFO 9684 --- [    Test worker] o.s.t.web.servlet.TestDispatcherServlet  : Completed initialization in 88 ms
Hibernate: insert into posts (created_date, modified_date, author, content, title) values (?, ?, ?, ?, ?)
2020-02-19 20:03:29.669  INFO 9684 --- [o-auto-1-exec-1] o.a.c.c.C.[Tomcat].[localhost].[/]       : Initializing Spring DispatcherServlet 'dispatcherServlet'
2020-02-19 20:03:29.670  INFO 9684 --- [o-auto-1-exec-1] o.s.web.servlet.DispatcherServlet        : Initializing Servlet 'dispatcherServlet'
2020-02-19 20:03:29.679  INFO 9684 --- [o-auto-1-exec-1] o.s.web.servlet.DispatcherServlet        : Completed initialization in 9 ms
Hibernate: select posts0_.id as id1_0_0_, posts0_.created_date as created_2_0_0_, posts0_.modified_date as modified3_0_0_, posts0_.author as author4_0_0_, posts0_.content as content5_0_0_, posts0_.title as title6_0_0_ from posts posts0_ where posts0_.id=?
Hibernate: update posts set created_date=?, modified_date=?, author=?, content=?, title=? where id=?
Hibernate: select posts0_.id as id1_0_, posts0_.created_date as created_2_0_, posts0_.modified_date as modified3_0_, posts0_.author as author4_0_, posts0_.content as content5_0_, posts0_.title as title6_0_ from posts posts0_
Hibernate: select posts0_.id as id1_0_, posts0_.created_date as created_2_0_, posts0_.modified_date as modified3_0_, posts0_.author as author4_0_, posts0_.content as content5_0_, posts0_.title as title6_0_ from posts posts0_
Hibernate: delete from posts where id=?
2020-02-19 20:03:30.774  INFO 9684 --- [    Test worker] o.a.c.c.C.[Tomcat].[localhost].[/]       : Initializing Spring TestDispatcherServlet ''
2020-02-19 20:03:30.774  INFO 9684 --- [    Test worker] o.s.t.web.servlet.TestDispatcherServlet  : Initializing Servlet ''
2020-02-19 20:03:30.784  INFO 9684 --- [    Test worker] o.s.t.web.servlet.TestDispatcherServlet  : Completed initialization in 10 ms
Hibernate: insert into posts (created_date, modified_date, author, content, title) values (?, ?, ?, ?, ?)
Hibernate: select posts0_.id as id1_0_, posts0_.created_date as created_2_0_, posts0_.modified_date as modified3_0_, posts0_.author as author4_0_, posts0_.content as content5_0_, posts0_.title as title6_0_ from posts posts0_
Hibernate: select posts0_.id as id1_0_, posts0_.created_date as created_2_0_, posts0_.modified_date as modified3_0_, posts0_.author as author4_0_, posts0_.content as content5_0_, posts0_.title as title6_0_ from posts posts0_
Hibernate: delete from posts where id=?
2020-02-19 20:03:30.841  INFO 9684 --- [    Test worker] o.a.c.c.C.[Tomcat].[localhost].[/]       : Initializing Spring TestDispatcherServlet ''
2020-02-19 20:03:30.846  INFO 9684 --- [    Test worker] o.s.t.web.servlet.TestDispatcherServlet  : Initializing Servlet ''
2020-02-19 20:03:30.856  INFO 9684 --- [    Test worker] o.s.t.web.servlet.TestDispatcherServlet  : Completed initialization in 9 ms
Hibernate: insert into posts (created_date, modified_date, author, content, title) values (?, ?, ?, ?, ?)
Hibernate: select posts0_.id as id1_0_, posts0_.created_date as created_2_0_, posts0_.modified_date as modified3_0_, posts0_.author as author4_0_, posts0_.content as content5_0_, posts0_.title as title6_0_ from posts posts0_
>>>>> createDate=2020-02-19T20:03:30.871, modifiedDate=2020-02-19T20:03:30.871
Hibernate: select posts0_.id as id1_0_, posts0_.created_date as created_2_0_, posts0_.modified_date as modified3_0_, posts0_.author as author4_0_, posts0_.content as content5_0_, posts0_.title as title6_0_ from posts posts0_
Hibernate: delete from posts where id=?
]]></system-out>
  <system-err><![CDATA[]]></system-err>
</testsuite>
